0 info it worked if it ends with ok
1 verbose cli [ '/usr/local/bin/node',
1 verbose cli   '/usr/local/bin/npm',
1 verbose cli   'run',
1 verbose cli   'start-dev' ]
2 info using npm@4.0.2
3 info using node@v6.9.1
4 verbose run-script [ 'prestart-dev', 'start-dev', 'poststart-dev' ]
5 info lifecycle remember@1.0.0~prestart-dev: remember@1.0.0
6 silly lifecycle remember@1.0.0~prestart-dev: no script for prestart-dev, continuing
7 info lifecycle remember@1.0.0~start-dev: remember@1.0.0
8 verbose lifecycle remember@1.0.0~start-dev: unsafe-perm in lifecycle true
9 verbose lifecycle remember@1.0.0~start-dev: PATH: /usr/local/lib/node_modules/npm/bin/node-gyp-bin:/Users/Colin/comp/projects/remember/node_modules/.bin:/opt/local/bin:/opt/local/sbin:/usr/local/bin:/opt/local/bin:/Applications/SWI-Prolog.app/Contents/MacOS:/usr/bin:/bin:/usr/sbin:/sbin:/usr/local/bin:/usr/local/mysql/mysql-5.6.17-osx10.7-x86_64/bin:/opt/X11/bin:/usr/local/git/bin:/usr/texbin
10 verbose lifecycle remember@1.0.0~start-dev: CWD: /Users/Colin/comp/projects/remember
11 silly lifecycle remember@1.0.0~start-dev: Args: [ '-c', 'gulp run' ]
12 silly lifecycle remember@1.0.0~start-dev: Returned: code: 1  signal: null
13 info lifecycle remember@1.0.0~start-dev: Failed to exec start-dev script
14 verbose stack Error: remember@1.0.0 start-dev: `gulp run`
14 verbose stack Exit status 1
14 verbose stack     at EventEmitter.<anonymous> (/usr/local/lib/node_modules/npm/lib/utils/lifecycle.js:279:16)
14 verbose stack     at emitTwo (events.js:106:13)
14 verbose stack     at EventEmitter.emit (events.js:191:7)
14 verbose stack     at ChildProcess.<anonymous> (/usr/local/lib/node_modules/npm/lib/utils/spawn.js:40:14)
14 verbose stack     at emitTwo (events.js:106:13)
14 verbose stack     at ChildProcess.emit (events.js:191:7)
14 verbose stack     at maybeClose (internal/child_process.js:877:16)
14 verbose stack     at Process.ChildProcess._handle.onexit (internal/child_process.js:226:5)
15 verbose pkgid remember@1.0.0
16 verbose cwd /Users/Colin/comp/projects/remember
17 error Darwin 14.5.0
18 error argv "/usr/local/bin/node" "/usr/local/bin/npm" "run" "start-dev"
19 error node v6.9.1
20 error npm  v4.0.2
21 error code ELIFECYCLE
22 error remember@1.0.0 start-dev: `gulp run`
22 error Exit status 1
23 error Failed at the remember@1.0.0 start-dev script 'gulp run'.
23 error Make sure you have the latest version of node.js and npm installed.
23 error If you do, this is most likely a problem with the remember package,
23 error not with npm itself.
23 error Tell the author that this fails on your system:
23 error     gulp run
23 error You can get information on how to open an issue for this project with:
23 error     npm bugs remember
23 error Or if that isn't available, you can get their info via:
23 error     npm owner ls remember
23 error There is likely additional logging output above.
24 verbose exit [ 1, true ]
